# JRE version: OpenJDK Runtime Environment Temurin-17.0.7+7 (17.0.7+7) (build 17.0.7+7)
# Java VM: OpenJDK 64-Bit Server VM Temurin-17.0.7+7 (17.0.7+7, mixed mode, tiered, compressed oops, compressed class ptrs, parallel gc, windows-amd64)
GC Precious Log:
 CPUs: 4 total, 4 available
 Memory: 12110M
 Large Page Support: Disabled
 NUMA Support: Disabled
 Compressed Oops: Enabled (32-bit)
 Alignments: Space 512K, Generation 512K, Heap 2M
 Heap Min Capacity: 100M
 Heap Initial Capacity: 100M
 Heap Max Capacity: 1G
 Pre-touch: Disabled
 Parallel Workers: 4
Heap:
 PSYoungGen      total 1536K, used 1056K [0x00000000eab00000, 0x00000000eaf80000, 0x0000000100000000)
  eden space 1024K, 90% used [0x00000000eab00000,0x00000000eabe8338,0x00000000eac00000)
  from space 512K, 25% used [0x00000000eaf00000,0x00000000eaf20000,0x00000000eaf80000)
  to   space 512K, 18% used [0x00000000eac00000,0x00000000eac18000,0x00000000eac80000)
 ParOldGen       total 148480K, used 141225K [0x00000000c0000000, 0x00000000c9100000, 0x00000000eab00000)
  object space 148480K, 95% used [0x00000000c0000000,0x00000000c89ea518,0x00000000c9100000)
 Metaspace       used 93125K, committed 94208K, reserved 1179648K
  class space    used 9198K, committed 9728K, reserved 1048576K
GC Heap History (20 events):
Event: 73870.899 GC heap after
{Heap after GC invocations=15656 (full 376):
 PSYoungGen      total 5120K, used 272K [0x00000000eab00000, 0x00000000eb100000, 0x0000000100000000)
  eden space 4608K, 0% used [0x00000000eab00000,0x00000000eab00000,0x00000000eaf80000)
  from space 512K, 53% used [0x00000000eaf80000,0x00000000eafc40e8,0x00000000eb000000)
  to   space 512K, 0% used [0x00000000eb080000,0x00000000eb080000,0x00000000eb100000)
 ParOldGen       total 148480K, used 128349K [0x00000000c0000000, 0x00000000c9100000, 0x00000000eab00000)
  object space 148480K, 86% used [0x00000000c0000000,0x00000000c7d57558,0x00000000c9100000)
 Metaspace       used 93125K, committed 94208K, reserved 1179648K
  class space    used 9198K, committed 9728K, reserved 1048576K
}
Event: 73870.942 GC heap before
{Heap before GC invocations=15657 (full 376):
 PSYoungGen      total 5120K, used 4880K [0x00000000eab00000, 0x00000000eb100000, 0x0000000100000000)
  eden space 4608K, 100% used [0x00000000eab00000,0x00000000eaf80000,0x00000000eaf80000)
  from space 512K, 53% used [0x00000000eaf80000,0x00000000eafc40e8,0x00000000eb000000)
  to   space 512K, 0% used [0x00000000eb080000,0x00000000eb080000,0x00000000eb100000)
 ParOldGen       total 148480K, used 128349K [0x00000000c0000000, 0x00000000c9100000, 0x00000000eab00000)
  object space 148480K, 86% used [0x00000000c0000000,0x00000000c7d57558,0x00000000c9100000)
 Metaspace       used 93125K, committed 94208K, reserved 1179648K
  class space    used 9198K, committed 9728K, reserved 1048576K
}
Event: 73870.944 GC heap after
{Heap after GC invocations=15657 (full 376):
 PSYoungGen      total 4608K, used 484K [0x00000000eab00000, 0x00000000eb280000, 0x0000000100000000)
  eden space 4096K, 0% used [0x00000000eab00000,0x00000000eab00000,0x00000000eaf00000)
  from space 512K, 94% used [0x00000000eb080000,0x00000000eb0f9168,0x00000000eb100000)
  to   space 1536K, 0% used [0x00000000eaf00000,0x00000000eaf00000,0x00000000eb080000)
 ParOldGen       total 148480K, used 129148K [0x00000000c0000000, 0x00000000c9100000, 0x00000000eab00000)
  object space 148480K, 86% used [0x00000000c0000000,0x00000000c7e1f330,0x00000000c9100000)
 Metaspace       used 93125K, committed 94208K, reserved 1179648K
  class space    used 9198K, committed 9728K, reserved 1048576K
}
Event: 73870.951 GC heap before
{Heap before GC invocations=15658 (full 376):
 PSYoungGen      total 4608K, used 4564K [0x00000000eab00000, 0x00000000eb280000, 0x0000000100000000)
  eden space 4096K, 99% used [0x00000000eab00000,0x00000000eaefc028,0x00000000eaf00000)
  from space 512K, 94% used [0x00000000eb080000,0x00000000eb0f9168,0x00000000eb100000)
  to   space 1536K, 0% used [0x00000000eaf00000,0x00000000eaf00000,0x00000000eb080000)
 ParOldGen       total 148480K, used 129148K [0x00000000c0000000, 0x00000000c9100000, 0x00000000eab00000)
  object space 148480K, 86% used [0x00000000c0000000,0x00000000c7e1f330,0x00000000c9100000)
 Metaspace       used 93125K, committed 94208K, reserved 1179648K
  class space    used 9198K, committed 9728K, reserved 1048576K
}
Event: 73870.953 GC heap after
{Heap after GC invocations=15658 (full 376):
 PSYoungGen      total 5120K, used 861K [0x00000000eab00000, 0x00000000eb100000, 0x0000000100000000)
  eden space 4096K, 0% used [0x00000000eab00000,0x00000000eab00000,0x00000000eaf00000)
  from space 1024K, 84% used [0x00000000eaf00000,0x00000000eafd7780,0x00000000eb000000)
  to   space 1024K, 0% used [0x00000000eb000000,0x00000000eb000000,0x00000000eb100000)
 ParOldGen       total 148480K, used 129275K [0x00000000c0000000, 0x00000000c9100000, 0x00000000eab00000)
  object space 148480K, 87% used [0x00000000c0000000,0x00000000c7e3ed70,0x00000000c9100000)
 Metaspace       used 93125K, committed 94208K, reserved 1179648K
  class space    used 9198K, committed 9728K, reserved 1048576K
}
Event: 73870.957 GC heap before
{Heap before GC invocations=15659 (full 376):
 PSYoungGen      total 5120K, used 4943K [0x00000000eab00000, 0x00000000eb100000, 0x0000000100000000)
  eden space 4096K, 99% used [0x00000000eab00000,0x00000000eaefc848,0x00000000eaf00000)
  from space 1024K, 84% used [0x00000000eaf00000,0x00000000eafd7780,0x00000000eb000000)
  to   space 1024K, 0% used [0x00000000eb000000,0x00000000eb000000,0x00000000eb100000)
 ParOldGen       total 148480K, used 129275K [0x00000000c0000000, 0x00000000c9100000, 0x00000000eab00000)
  object space 148480K, 87% used [0x00000000c0000000,0x00000000c7e3ed70,0x00000000c9100000)
 Metaspace       used 93125K, committed 94208K, reserved 1179648K
  class space    used 9198K, committed 9728K, reserved 1048576K
}
Event: 73870.958 GC heap after
{Heap after GC invocations=15659 (full 376):
 PSYoungGen      total 4608K, used 128K [0x00000000eab00000, 0x00000000eb080000, 0x0000000100000000)
  eden space 4096K, 0% used [0x00000000eab00000,0x00000000eab00000,0x00000000eaf00000)
  from space 512K, 25% used [0x00000000eb000000,0x00000000eb020000,0x00000000eb080000)
  to   space 512K, 0% used [0x00000000eaf80000,0x00000000eaf80000,0x00000000eb000000)
 ParOldGen       total 148480K, used 131391K [0x00000000c0000000, 0x00000000c9100000, 0x00000000eab00000)
  object space 148480K, 88% used [0x00000000c0000000,0x00000000c804fe78,0x00000000c9100000)
 Metaspace       used 93125K, committed 94208K, reserved 1179648K
  class space    used 9198K, committed 9728K, reserved 1048576K
}
Event: 73870.970 GC heap before
{Heap before GC invocations=15660 (full 376):
 PSYoungGen      total 4608K, used 3828K [0x00000000eab00000, 0x00000000eb080000, 0x0000000100000000)
  eden space 4096K, 90% used [0x00000000eab00000,0x00000000eae9d148,0x00000000eaf00000)
  from space 512K, 25% used [0x00000000eb000000,0x00000000eb020000,0x00000000eb080000)
  to   space 512K, 0% used [0x00000000eaf80000,0x00000000eaf80000,0x00000000eb000000)
 ParOldGen       total 148480K, used 131391K [0x00000000c0000000, 0x00000000c9100000, 0x00000000eab00000)
  object space 148480K, 88% used [0x00000000c0000000,0x00000000c804fe78,0x00000000c9100000)
 Metaspace       used 93125K, committed 94208K, reserved 1179648K
  class space    used 9198K, committed 9728K, reserved 1048576K
}
Event: 73870.971 GC heap after
{Heap after GC invocations=15660 (full 376):
 PSYoungGen      total 4608K, used 128K [0x00000000eab00000, 0x00000000eb080000, 0x0000000100000000)
  eden space 4096K, 0% used [0x00000000eab00000,0x00000000eab00000,0x00000000eaf00000)
  from space 512K, 25% used [0x00000000eaf80000,0x00000000eafa0000,0x00000000eb000000)
  to   space 512K, 0% used [0x00000000eb000000,0x00000000eb000000,0x00000000eb080000)
 ParOldGen       total 148480K, used 131407K [0x00000000c0000000, 0x00000000c9100000, 0x00000000eab00000)
  object space 148480K, 88% used [0x00000000c0000000,0x00000000c8053e78,0x00000000c9100000)
 Metaspace       used 93125K, committed 94208K, reserved 1179648K
  class space    used 9198K, committed 9728K, reserved 1048576K
}
Event: 73870.977 GC heap before
{Heap before GC invocations=15661 (full 376):
 PSYoungGen      total 4608K, used 4221K [0x00000000eab00000, 0x00000000eb080000, 0x0000000100000000)
  eden space 4096K, 99% used [0x00000000eab00000,0x00000000eaeff418,0x00000000eaf00000)
  from space 512K, 25% used [0x00000000eaf80000,0x00000000eafa0000,0x00000000eb000000)
  to   space 512K, 0% used [0x00000000eb000000,0x00000000eb000000,0x00000000eb080000)
 ParOldGen       total 148480K, used 131407K [0x00000000c0000000, 0x00000000c9100000, 0x00000000eab00000)
  object space 148480K, 88% used [0x00000000c0000000,0x00000000c8053e78,0x00000000c9100000)
 Metaspace       used 93125K, committed 94208K, reserved 1179648K
  class space    used 9198K, committed 9728K, reserved 1048576K
}
Event: 73870.978 GC heap after
{Heap after GC invocations=15661 (full 376):
 PSYoungGen      total 4608K, used 438K [0x00000000eab00000, 0x00000000eb080000, 0x0000000100000000)
  eden space 4096K, 0% used [0x00000000eab00000,0x00000000eab00000,0x00000000eaf00000)
  from space 512K, 85% used [0x00000000eb000000,0x00000000eb06d8f0,0x00000000eb080000)
  to   space 512K, 0% used [0x00000000eaf80000,0x00000000eaf80000,0x00000000eb000000)
 ParOldGen       total 148480K, used 133108K [0x00000000c0000000, 0x00000000c9100000, 0x00000000eab00000)
  object space 148480K, 89% used [0x00000000c0000000,0x00000000c81fd380,0x00000000c9100000)
 Metaspace       used 93125K, committed 94208K, reserved 1179648K
  class space    used 9198K, committed 9728K, reserved 1048576K
}
Event: 73871.047 GC heap before
{Heap before GC invocations=15662 (full 376):
 PSYoungGen      total 4608K, used 4534K [0x00000000eab00000, 0x00000000eb080000, 0x0000000100000000)
  eden space 4096K, 100% used [0x00000000eab00000,0x00000000eaf00000,0x00000000eaf00000)
  from space 512K, 85% used [0x00000000eb000000,0x00000000eb06d8f0,0x00000000eb080000)
  to   space 512K, 0% used [0x00000000eaf80000,0x00000000eaf80000,0x00000000eb000000)
 ParOldGen       total 148480K, used 133108K [0x00000000c0000000, 0x00000000c9100000, 0x00000000eab00000)
  object space 148480K, 89% used [0x00000000c0000000,0x00000000c81fd380,0x00000000c9100000)
 Metaspace       used 93125K, committed 94208K, reserved 1179648K
  class space    used 9198K, committed 9728K, reserved 1048576K
}
Event: 73871.048 GC heap after
{Heap after GC invocations=15662 (full 376):
 PSYoungGen      total 4608K, used 484K [0x00000000eab00000, 0x00000000eb100000, 0x0000000100000000)
  eden space 4096K, 0% used [0x00000000eab00000,0x00000000eab00000,0x00000000eaf00000)
  from space 512K, 94% used [0x00000000eaf80000,0x00000000eaff9168,0x00000000eb000000)
  to   space 1024K, 0% used [0x00000000eb000000,0x00000000eb000000,0x00000000eb100000)
 ParOldGen       total 148480K, used 133510K [0x00000000c0000000, 0x00000000c9100000, 0x00000000eab00000)
  object space 148480K, 89% used [0x00000000c0000000,0x00000000c8261a70,0x00000000c9100000)
 Metaspace       used 93125K, committed 94208K, reserved 1179648K
  class space    used 9198K, committed 9728K, reserved 1048576K
}
Event: 73871.060 GC heap before
{Heap before GC invocations=15663 (full 376):
 PSYoungGen      total 4608K, used 4579K [0x00000000eab00000, 0x00000000eb100000, 0x0000000100000000)
  eden space 4096K, 99% used [0x00000000eab00000,0x00000000eaeffd40,0x00000000eaf00000)
  from space 512K, 94% used [0x00000000eaf80000,0x00000000eaff9168,0x00000000eb000000)
  to   space 1024K, 0% used [0x00000000eb000000,0x00000000eb000000,0x00000000eb100000)
 ParOldGen       total 148480K, used 133510K [0x00000000c0000000, 0x00000000c9100000, 0x00000000eab00000)
  object space 148480K, 89% used [0x00000000c0000000,0x00000000c8261a70,0x00000000c9100000)
 Metaspace       used 93125K, committed 94208K, reserved 1179648K
  class space    used 9198K, committed 9728K, reserved 1048576K
}
Event: 73871.061 GC heap after
{Heap after GC invocations=15663 (full 376):
 PSYoungGen      total 2048K, used 1018K [0x00000000eab00000, 0x00000000eb700000, 0x0000000100000000)
  eden space 1024K, 0% used [0x00000000eab00000,0x00000000eab00000,0x00000000eac00000)
  from space 1024K, 99% used [0x00000000eb000000,0x00000000eb0feb50,0x00000000eb100000)
  to   space 4096K, 0% used [0x00000000eac00000,0x00000000eac00000,0x00000000eb000000)
 ParOldGen       total 148480K, used 135710K [0x00000000c0000000, 0x00000000c9100000, 0x00000000eab00000)
  object space 148480K, 91% used [0x00000000c0000000,0x00000000c8487b20,0x00000000c9100000)
 Metaspace       used 93125K, committed 94208K, reserved 1179648K
  class space    used 9198K, committed 9728K, reserved 1048576K
}
Event: 73871.064 GC heap before
{Heap before GC invocations=15664 (full 376):
 PSYoungGen      total 2048K, used 1930K [0x00000000eab00000, 0x00000000eb700000, 0x0000000100000000)
  eden space 1024K, 89% used [0x00000000eab00000,0x00000000eabe3f10,0x00000000eac00000)
  from space 1024K, 99% used [0x00000000eb000000,0x00000000eb0feb50,0x00000000eb100000)
  to   space 4096K, 0% used [0x00000000eac00000,0x00000000eac00000,0x00000000eb000000)
 ParOldGen       total 148480K, used 137213K [0x00000000c0000000, 0x00000000c9100000, 0x00000000eab00000)
  object space 148480K, 92% used [0x00000000c0000000,0x00000000c85ff598,0x00000000c9100000)
 Metaspace       used 93125K, committed 94208K, reserved 1179648K
  class space    used 9198K, committed 9728K, reserved 1048576K
}
Event: 73871.065 GC heap after
{Heap after GC invocations=15664 (full 376):
 PSYoungGen      total 1536K, used 128K [0x00000000eab00000, 0x00000000eb080000, 0x0000000100000000)
  eden space 1024K, 0% used [0x00000000eab00000,0x00000000eab00000,0x00000000eac00000)
  from space 512K, 25% used [0x00000000eac00000,0x00000000eac20000,0x00000000eac80000)
  to   space 1536K, 0% used [0x00000000eaf00000,0x00000000eaf00000,0x00000000eb080000)
 ParOldGen       total 148480K, used 138180K [0x00000000c0000000, 0x00000000c9100000, 0x00000000eab00000)
  object space 148480K, 93% used [0x00000000c0000000,0x00000000c86f1028,0x00000000c9100000)
 Metaspace       used 93125K, committed 94208K, reserved 1179648K
  class space    used 9198K, committed 9728K, reserved 1048576K
}
Event: 73871.068 GC heap before
{Heap before GC invocations=15665 (full 376):
 PSYoungGen      total 1536K, used 988K [0x00000000eab00000, 0x00000000eb080000, 0x0000000100000000)
  eden space 1024K, 84% used [0x00000000eab00000,0x00000000eabd7138,0x00000000eac00000)
  from space 512K, 25% used [0x00000000eac00000,0x00000000eac20000,0x00000000eac80000)
  to   space 1536K, 0% used [0x00000000eaf00000,0x00000000eaf00000,0x00000000eb080000)
 ParOldGen       total 148480K, used 139682K [0x00000000c0000000, 0x00000000c9100000, 0x00000000eab00000)
  object space 148480K, 94% used [0x00000000c0000000,0x00000000c8868aa0,0x00000000c9100000)
 Metaspace       used 93125K, committed 94208K, reserved 1179648K
  class space    used 9198K, committed 9728K, reserved 1048576K
}
Event: 73871.069 GC heap after
{Heap after GC invocations=15665 (full 376):
 PSYoungGen      total 1536K, used 128K [0x00000000eab00000, 0x00000000eaf80000, 0x0000000100000000)
  eden space 1024K, 0% used [0x00000000eab00000,0x00000000eab00000,0x00000000eac00000)
  from space 512K, 25% used [0x00000000eaf00000,0x00000000eaf20000,0x00000000eaf80000)
  to   space 512K, 0% used [0x00000000eac00000,0x00000000eac00000,0x00000000eac80000)
 ParOldGen       total 148480K, used 139706K [0x00000000c0000000, 0x00000000c9100000, 0x00000000eab00000)
  object space 148480K, 94% used [0x00000000c0000000,0x00000000c886eaa0,0x00000000c9100000)
 Metaspace       used 93125K, committed 94208K, reserved 1179648K
  class space    used 9198K, committed 9728K, reserved 1048576K
}
Event: 73871.074 GC heap before
{Heap before GC invocations=15666 (full 376):
 PSYoungGen      total 1536K, used 1056K [0x00000000eab00000, 0x00000000eaf80000, 0x0000000100000000)
  eden space 1024K, 90% used [0x00000000eab00000,0x00000000eabe8338,0x00000000eac00000)
  from space 512K, 25% used [0x00000000eaf00000,0x00000000eaf20000,0x00000000eaf80000)
  to   space 512K, 0% used [0x00000000eac00000,0x00000000eac00000,0x00000000eac80000)
 ParOldGen       total 148480K, used 141209K [0x00000000c0000000, 0x00000000c9100000, 0x00000000eab00000)
  object space 148480K, 95% used [0x00000000c0000000,0x00000000c89e6518,0x00000000c9100000)
 Metaspace       used 93125K, committed 94208K, reserved 1179648K
  class space    used 9198K, committed 9728K, reserved 1048576K
}

